# JRE version: OpenJDK Runtime Environment Temurin-21.0.12.1+1 (21.0.12.1+1) (build 21.0.12.1+1-LTS)
# Java VM: OpenJDK 64-Bit Server VM Temurin-21.0.12.1+1 (21.0.12.1+1-LTS, mixed mode, sharing, tiered, compressed oops, compressed class ptrs, parallel gc, windows-amd64)
GC Precious Log:
 CardTable entry size: 512
 CPUs: 4 total, 4 available
 Memory: 3915M
 Large Page Support: Disabled
 NUMA Support: Disabled
 Compressed Oops: Enabled (Zero based)
 Alignments: Space 512K, Generation 512K, Heap 2M
 Heap Min Capacity: 100M
 Heap Initial Capacity: 100M
 Heap Max Capacity: 4G
 Pre-touch: Disabled
 Parallel Workers: 4
Heap:
 PSYoungGen      total 16896K, used 0K [0x00000007aab00000, 0x00000007abc80000, 0x0000000800000000)
  eden space 16384K, 0% used [0x00000007aab00000,0x00000007aab00000,0x00000007abb00000)
  from space 512K, 0% used [0x00000007abb80000,0x00000007abb80000,0x00000007abc00000)
  to   space 512K, 0% used [0x00000007abc00000,0x00000007abc00000,0x00000007abc80000)
 ParOldGen       total 101376K, used 70130K [0x0000000700000000, 0x00000007aab00000, 0x00000007aab00000)
  object space 101376K, 69% used [0x0000000700000000,0x000000070447c880,0x0000000706300000)
 Metaspace       used 75593K, committed 77056K, reserved 1179648K
  class space    used 8492K, committed 9152K, reserved 1048576K
GC Heap History (20 events):
Event: 60.995 GC heap before
{Heap before GC invocations=125 (full 3):
 PSYoungGen      total 19968K, used 18676K [0x00000007aab00000, 0x00000007ac000000, 0x0000000800000000)
  eden space 18432K, 100% used [0x00000007aab00000,0x00000007abd00000,0x00000007abd00000)
  from space 1536K, 15% used [0x00000007abd80000,0x00000007abdbd200,0x00000007abf00000)
  to   space 1024K, 0% used [0x00000007abf00000,0x00000007abf00000,0x00000007ac000000)
 ParOldGen       total 93696K, used 93572K [0x0000000700000000, 0x0000000705b80000, 0x00000007aab00000)
  object space 93696K, 99% used [0x0000000700000000,0x0000000705b61038,0x0000000705b80000)
 Metaspace       used 72647K, committed 74176K, reserved 1179648K
  class space    used 8206K, committed 8896K, reserved 1048576K
}
Event: 60.999 GC heap after
{Heap after GC invocations=125 (full 3):
 PSYoungGen      total 18944K, used 186K [0x00000007aab00000, 0x00000007abf80000, 0x0000000800000000)
  eden space 18432K, 0% used [0x00000007aab00000,0x00000007aab00000,0x00000007abd00000)
  from space 512K, 36% used [0x00000007abf00000,0x00000007abf2e900,0x00000007abf80000)
  to   space 512K, 0% used [0x00000007abe80000,0x00000007abe80000,0x00000007abf00000)
 ParOldGen       total 93696K, used 93664K [0x0000000700000000, 0x0000000705b80000, 0x00000007aab00000)
  object space 93696K, 99% used [0x0000000700000000,0x0000000705b78068,0x0000000705b80000)
 Metaspace       used 72647K, committed 74176K, reserved 1179648K
  class space    used 8206K, committed 8896K, reserved 1048576K
}
Event: 66.465 GC heap before
{Heap before GC invocations=126 (full 3):
 PSYoungGen      total 18944K, used 18618K [0x00000007aab00000, 0x00000007abf80000, 0x0000000800000000)
  eden space 18432K, 100% used [0x00000007aab00000,0x00000007abd00000,0x00000007abd00000)
  from space 512K, 36% used [0x00000007abf00000,0x00000007abf2e900,0x00000007abf80000)
  to   space 512K, 0% used [0x00000007abe80000,0x00000007abe80000,0x00000007abf00000)
 ParOldGen       total 93696K, used 93664K [0x0000000700000000, 0x0000000705b80000, 0x00000007aab00000)
  object space 93696K, 99% used [0x0000000700000000,0x0000000705b78068,0x0000000705b80000)
 Metaspace       used 73279K, committed 74816K, reserved 1179648K
  class space    used 8265K, committed 8960K, reserved 1048576K
}
Event: 66.474 GC heap after
{Heap after GC invocations=126 (full 3):
 PSYoungGen      total 18944K, used 496K [0x00000007aab00000, 0x00000007ac100000, 0x0000000800000000)
  eden space 18432K, 0% used [0x00000007aab00000,0x00000007aab00000,0x00000007abd00000)
  from space 512K, 97% used [0x00000007abe80000,0x00000007abefc388,0x00000007abf00000)
  to   space 2048K, 0% used [0x00000007abf00000,0x00000007abf00000,0x00000007ac100000)
 ParOldGen       total 94720K, used 94708K [0x0000000700000000, 0x0000000705c80000, 0x00000007aab00000)
  object space 94720K, 99% used [0x0000000700000000,0x0000000705c7d3c0,0x0000000705c80000)
 Metaspace       used 73279K, committed 74816K, reserved 1179648K
  class space    used 8265K, committed 8960K, reserved 1048576K
}
Event: 70.654 GC heap before
{Heap before GC invocations=127 (full 3):
 PSYoungGen      total 18944K, used 18928K [0x00000007aab00000, 0x00000007ac100000, 0x0000000800000000)
  eden space 18432K, 100% used [0x00000007aab00000,0x00000007abd00000,0x00000007abd00000)
  from space 512K, 97% used [0x00000007abe80000,0x00000007abefc388,0x00000007abf00000)
  to   space 2048K, 0% used [0x00000007abf00000,0x00000007abf00000,0x00000007ac100000)
 ParOldGen       total 94720K, used 94708K [0x0000000700000000, 0x0000000705c80000, 0x00000007aab00000)
  object space 94720K, 99% used [0x0000000700000000,0x0000000705c7d3c0,0x0000000705c80000)
 Metaspace       used 73296K, committed 74880K, reserved 1179648K
  class space    used 8265K, committed 8960K, reserved 1048576K
}
Event: 70.661 GC heap after
{Heap after GC invocations=127 (full 3):
 PSYoungGen      total 15872K, used 2027K [0x00000007aab00000, 0x00000007aca00000, 0x0000000800000000)
  eden space 13824K, 0% used [0x00000007aab00000,0x00000007aab00000,0x00000007ab880000)
  from space 2048K, 99% used [0x00000007abf00000,0x00000007ac0faf78,0x00000007ac100000)
  to   space 6656K, 0% used [0x00000007ab880000,0x00000007ab880000,0x00000007abf00000)
 ParOldGen       total 98816K, used 98487K [0x0000000700000000, 0x0000000706080000, 0x00000007aab00000)
  object space 98816K, 99% used [0x0000000700000000,0x000000070602dfa8,0x0000000706080000)
 Metaspace       used 73296K, committed 74880K, reserved 1179648K
  class space    used 8265K, committed 8960K, reserved 1048576K
}
Event: 71.608 GC heap before
{Heap before GC invocations=128 (full 3):
 PSYoungGen      total 15872K, used 15851K [0x00000007aab00000, 0x00000007aca00000, 0x0000000800000000)
  eden space 13824K, 100% used [0x00000007aab00000,0x00000007ab880000,0x00000007ab880000)
  from space 2048K, 99% used [0x00000007abf00000,0x00000007ac0faf78,0x00000007ac100000)
  to   space 6656K, 0% used [0x00000007ab880000,0x00000007ab880000,0x00000007abf00000)
 ParOldGen       total 98816K, used 98487K [0x0000000700000000, 0x0000000706080000, 0x00000007aab00000)
  object space 98816K, 99% used [0x0000000700000000,0x000000070602dfa8,0x0000000706080000)
 Metaspace       used 73429K, committed 74944K, reserved 1179648K
  class space    used 8300K, committed 8960K, reserved 1048576K
}
Event: 71.615 GC heap after
{Heap after GC invocations=128 (full 3):
 PSYoungGen      total 17920K, used 3891K [0x00000007aab00000, 0x00000007ac180000, 0x0000000800000000)
  eden space 13824K, 0% used [0x00000007aab00000,0x00000007aab00000,0x00000007ab880000)
  from space 4096K, 95% used [0x00000007ab880000,0x00000007abc4ceb0,0x00000007abc80000)
  to   space 4608K, 0% used [0x00000007abd00000,0x00000007abd00000,0x00000007ac180000)
 ParOldGen       total 98816K, used 98738K [0x0000000700000000, 0x0000000706080000, 0x00000007aab00000)
  object space 98816K, 99% used [0x0000000700000000,0x000000070606c8a8,0x0000000706080000)
 Metaspace       used 73429K, committed 74944K, reserved 1179648K
  class space    used 8300K, committed 8960K, reserved 1048576K
}
Event: 77.221 GC heap before
{Heap before GC invocations=129 (full 3):
 PSYoungGen      total 17920K, used 17715K [0x00000007aab00000, 0x00000007ac180000, 0x0000000800000000)
  eden space 13824K, 100% used [0x00000007aab00000,0x00000007ab880000,0x00000007ab880000)
  from space 4096K, 95% used [0x00000007ab880000,0x00000007abc4ceb0,0x00000007abc80000)
  to   space 4608K, 0% used [0x00000007abd00000,0x00000007abd00000,0x00000007ac180000)
 ParOldGen       total 98816K, used 98738K [0x0000000700000000, 0x0000000706080000, 0x00000007aab00000)
  object space 98816K, 99% used [0x0000000700000000,0x000000070606c8a8,0x0000000706080000)
 Metaspace       used 73809K, committed 75264K, reserved 1179648K
  class space    used 8320K, committed 8960K, reserved 1048576K
}
Event: 77.227 GC heap after
{Heap after GC invocations=129 (full 3):
 PSYoungGen      total 14848K, used 991K [0x00000007aab00000, 0x00000007abe00000, 0x0000000800000000)
  eden space 13824K, 0% used [0x00000007aab00000,0x00000007aab00000,0x00000007ab880000)
  from space 1024K, 96% used [0x00000007abd00000,0x00000007abdf7d38,0x00000007abe00000)
  to   space 2560K, 0% used [0x00000007ab900000,0x00000007ab900000,0x00000007abb80000)
 ParOldGen       total 99840K, used 99602K [0x0000000700000000, 0x0000000706180000, 0x00000007aab00000)
  object space 99840K, 99% used [0x0000000700000000,0x00000007061448b8,0x0000000706180000)
 Metaspace       used 73809K, committed 75264K, reserved 1179648K
  class space    used 8320K, committed 8960K, reserved 1048576K
}
Event: 81.826 GC heap before
{Heap before GC invocations=130 (full 3):
 PSYoungGen      total 14848K, used 14815K [0x00000007aab00000, 0x00000007abe00000, 0x0000000800000000)
  eden space 13824K, 100% used [0x00000007aab00000,0x00000007ab880000,0x00000007ab880000)
  from space 1024K, 96% used [0x00000007abd00000,0x00000007abdf7d38,0x00000007abe00000)
  to   space 2560K, 0% used [0x00000007ab900000,0x00000007ab900000,0x00000007abb80000)
 ParOldGen       total 99840K, used 99602K [0x0000000700000000, 0x0000000706180000, 0x00000007aab00000)
  object space 99840K, 99% used [0x0000000700000000,0x00000007061448b8,0x0000000706180000)
 Metaspace       used 74397K, committed 75840K, reserved 1179648K
  class space    used 8370K, committed 9024K, reserved 1048576K
}
Event: 81.852 GC heap after
{Heap after GC invocations=130 (full 3):
 PSYoungGen      total 16384K, used 1200K [0x00000007aab00000, 0x00000007abd80000, 0x0000000800000000)
  eden space 13824K, 0% used [0x00000007aab00000,0x00000007aab00000,0x00000007ab880000)
  from space 2560K, 46% used [0x00000007ab900000,0x00000007aba2c030,0x00000007abb80000)
  to   space 1536K, 0% used [0x00000007abc00000,0x00000007abc00000,0x00000007abd80000)
 ParOldGen       total 100352K, used 100302K [0x0000000700000000, 0x0000000706200000, 0x00000007aab00000)
  object space 100352K, 99% used [0x0000000700000000,0x00000007061f3ac8,0x0000000706200000)
 Metaspace       used 74397K, committed 75840K, reserved 1179648K
  class space    used 8370K, committed 9024K, reserved 1048576K
}
Event: 87.499 GC heap before
{Heap before GC invocations=131 (full 3):
 PSYoungGen      total 16384K, used 15024K [0x00000007aab00000, 0x00000007abd80000, 0x0000000800000000)
  eden space 13824K, 100% used [0x00000007aab00000,0x00000007ab880000,0x00000007ab880000)
  from space 2560K, 46% used [0x00000007ab900000,0x00000007aba2c030,0x00000007abb80000)
  to   space 1536K, 0% used [0x00000007abc00000,0x00000007abc00000,0x00000007abd80000)
 ParOldGen       total 100352K, used 100302K [0x0000000700000000, 0x0000000706200000, 0x00000007aab00000)
  object space 100352K, 99% used [0x0000000700000000,0x00000007061f3ac8,0x0000000706200000)
 Metaspace       used 75357K, committed 76928K, reserved 1179648K
  class space    used 8475K, committed 9152K, reserved 1048576K
}
Event: 87.517 GC heap after
{Heap after GC invocations=131 (full 3):
 PSYoungGen      total 14848K, used 640K [0x00000007aab00000, 0x00000007abd00000, 0x0000000800000000)
  eden space 13824K, 0% used [0x00000007aab00000,0x00000007aab00000,0x00000007ab880000)
  from space 1024K, 62% used [0x00000007abc00000,0x00000007abca0000,0x00000007abd00000)
  to   space 1024K, 0% used [0x00000007abb00000,0x00000007abb00000,0x00000007abc00000)
 ParOldGen       total 101376K, used 101251K [0x0000000700000000, 0x0000000706300000, 0x00000007aab00000)
  object space 101376K, 99% used [0x0000000700000000,0x00000007062e0ea8,0x0000000706300000)
 Metaspace       used 75357K, committed 76928K, reserved 1179648K
  class space    used 8475K, committed 9152K, reserved 1048576K
}
Event: 90.583 GC heap before
{Heap before GC invocations=132 (full 3):
 PSYoungGen      total 14848K, used 7456K [0x00000007aab00000, 0x00000007abd00000, 0x0000000800000000)
  eden space 13824K, 49% used [0x00000007aab00000,0x00000007ab1a8388,0x00000007ab880000)
  from space 1024K, 62% used [0x00000007abc00000,0x00000007abca0000,0x00000007abd00000)
  to   space 1024K, 0% used [0x00000007abb00000,0x00000007abb00000,0x00000007abc00000)
 ParOldGen       total 2796544K, used 101251K [0x0000000700000000, 0x00000007aab00000, 0x00000007aab00000)
  object space 2796544K, 3% used [0x0000000700000000,0x00000007062e0ea8,0x00000007aab00000)
 Metaspace       used 75597K, committed 77056K, reserved 1179648K
  class space    used 8493K, committed 9152K, reserved 1048576K
}
Event: 90.587 GC heap after
{Heap after GC invocations=132 (full 3):
 PSYoungGen      total 14848K, used 128K [0x00000007aab00000, 0x00000007abc80000, 0x0000000800000000)
  eden space 13824K, 0% used [0x00000007aab00000,0x00000007aab00000,0x00000007ab880000)
  from space 1024K, 12% used [0x00000007abb00000,0x00000007abb20000,0x00000007abc00000)
  to   space 512K, 0% used [0x00000007abc00000,0x00000007abc00000,0x00000007abc80000)
 ParOldGen       total 2796544K, used 101799K [0x0000000700000000, 0x00000007aab00000, 0x00000007aab00000)
  object space 2796544K, 3% used [0x0000000700000000,0x0000000706369ed8,0x00000007aab00000)
 Metaspace       used 75597K, committed 77056K, reserved 1179648K
  class space    used 8493K, committed 9152K, reserved 1048576K
}
Event: 90.589 GC heap before
{Heap before GC invocations=133 (full 3):
 PSYoungGen      total 14848K, used 128K [0x00000007aab00000, 0x00000007abc80000, 0x0000000800000000)
  eden space 13824K, 0% used [0x00000007aab00000,0x00000007aab00000,0x00000007ab880000)
  from space 1024K, 12% used [0x00000007abb00000,0x00000007abb20000,0x00000007abc00000)
  to   space 512K, 0% used [0x00000007abc00000,0x00000007abc00000,0x00000007abc80000)
 ParOldGen       total 2796544K, used 101799K [0x0000000700000000, 0x00000007aab00000, 0x00000007aab00000)
  object space 2796544K, 3% used [0x0000000700000000,0x0000000706369ed8,0x00000007aab00000)
 Metaspace       used 75597K, committed 77056K, reserved 1179648K
  class space    used 8493K, committed 9152K, reserved 1048576K
}
Event: 90.593 GC heap after
{Heap after GC invocations=133 (full 3):
 PSYoungGen      total 14336K, used 0K [0x00000007aab00000, 0x00000007abc80000, 0x0000000800000000)
  eden space 13824K, 0% used [0x00000007aab00000,0x00000007aab00000,0x00000007ab880000)
  from space 512K, 0% used [0x00000007abc00000,0x00000007abc00000,0x00000007abc80000)
  to   space 512K, 0% used [0x00000007abb80000,0x00000007abb80000,0x00000007abc00000)
 ParOldGen       total 2796544K, used 101935K [0x0000000700000000, 0x00000007aab00000, 0x00000007aab00000)
  object space 2796544K, 3% used [0x0000000700000000,0x000000070638bee8,0x00000007aab00000)
 Metaspace       used 75597K, committed 77056K, reserved 1179648K
  class space    used 8493K, committed 9152K, reserved 1048576K
}
Event: 90.593 GC heap before
{Heap before GC invocations=134 (full 4):
 PSYoungGen      total 14336K, used 0K [0x00000007aab00000, 0x00000007abc80000, 0x0000000800000000)
  eden space 13824K, 0% used [0x00000007aab00000,0x00000007aab00000,0x00000007ab880000)
  from space 512K, 0% used [0x00000007abc00000,0x00000007abc00000,0x00000007abc80000)
  to   space 512K, 0% used [0x00000007abb80000,0x00000007abb80000,0x00000007abc00000)
 ParOldGen       total 2796544K, used 101935K [0x0000000700000000, 0x00000007aab00000, 0x00000007aab00000)
  object space 2796544K, 3% used [0x0000000700000000,0x000000070638bee8,0x00000007aab00000)
 Metaspace       used 75597K, committed 77056K, reserved 1179648K
  class space    used 8493K, committed 9152K, reserved 1048576K
}
Event: 93.212 GC heap after
{Heap after GC invocations=134 (full 4):
 PSYoungGen      total 16896K, used 0K [0x00000007aab00000, 0x00000007abc80000, 0x0000000800000000)
  eden space 16384K, 0% used [0x00000007aab00000,0x00000007aab00000,0x00000007abb00000)
  from space 512K, 0% used [0x00000007abb80000,0x00000007abb80000,0x00000007abc00000)
  to   space 512K, 0% used [0x00000007abc00000,0x00000007abc00000,0x00000007abc80000)
 ParOldGen       total 101376K, used 70130K [0x0000000700000000, 0x0000000706300000, 0x00000007aab00000)
  object space 101376K, 69% used [0x0000000700000000,0x000000070447c880,0x0000000706300000)
 Metaspace       used 75593K, committed 77056K, reserved 1179648K
  class space    used 8492K, committed 9152K, reserved 1048576K
}

